

Version:	3.50
CmdLine:	D:\java\Новые_проекты\Шифт\ShiftTest.exe --l4j-debug
JNI:		No
WOW64:		Yes
Working dir:	D:\java\Новые_проекты\Шифт\.
Requires JDK:	No
Requires 64-Bit: No
Java min ver:	1.008.000
Java max ver:	
Substitute:	JAVA_HOME = C:\Program Files\Java\jdk-17.0.2
Substitute:	PATH = C:\Program Files\Common Files\Oracle\Java\javapath;C:\Program Files (x86)\Common Files\Oracle\Java\javapath;C:\Windows\system32;C:\Windows;C:\Windows\System32\Wbem;C:\Windows\System32\WindowsPowerShell\v1.0\;C:\Windows\System32\OpenSSH\;C:\Program Files\Java\jdk-17.0.2\bin;C:\Program Files\Git\cmd;C:\sqlite;C:\Program Files\Java\jdk1.8.0_301\bin;C:\Program Files (x86)\dotnet\;C:\Program Files\Docker\Docker\resources\bin;C:\Users\VSGol\AppData\Local\Microsoft\WindowsApps;C:\Program Files\Java\jdk-17.0.2\bin;C:\sqlite;C:\Program Files\mvn\apache-maven-3.8.6\bin;;C:\Program Files\Java\jdk-17.0.2\bin
JRE paths:	C:\Program Files\Java\jdk-17.0.2;C:\Program Files\Common Files\Oracle\Java\javapath;C:\Program Files (x86)\Common Files\Oracle\Java\javapath;C:\Windows\system32;C:\Windows;C:\Windows\System32\Wbem;C:\Windows\System32\WindowsPowerShell\v1.0\;C:\Windows\System32\OpenSSH\;C:\Program Files\Java\jdk-17.0.2\bin;C:\Program Files\Git\cmd;C:\sqlite;C:\Program Files\Java\jdk1.8.0_301\bin;C:\Program Files (x86)\dotnet\;C:\Program Files\Docker\Docker\resources\bin;C:\Users\VSGol\AppData\Local\Microsoft\WindowsApps;C:\Program Files\Java\jdk-17.0.2\bin;C:\sqlite;C:\Program Files\mvn\apache-maven-3.8.6\bin;;C:\Program Files\Java\jdk-17.0.2\bin
Check launcher:	C:\Program Files\Java\jdk-17.0.2\bin\javaw.exe (OK)
Version string: 1.017.000_002 / 64-Bit (OK)
Launcher:	C:\Program Files\Java\jdk-17.0.2\bin\javaw.exe
Launcher args:	-jar "D:\java\Новые_проекты\Шифт\ShiftTest.exe"
Args length:	47/32768 chars
Exit code:	0


Version:	3.50
CmdLine:	D:\java\Новые_проекты\Шифт\ShiftTest.exe --l4j-debug
JNI:		No
WOW64:		Yes
Working dir:	D:\java\Новые_проекты\Шифт\.
Requires JDK:	No
Requires 64-Bit: No
Java min ver:	1.008.000
Java max ver:	
Substitute:	JAVA_HOME = C:\Program Files\Java\jdk-17.0.2
Substitute:	PATH = C:\Program Files\Common Files\Oracle\Java\javapath;C:\Program Files (x86)\Common Files\Oracle\Java\javapath;C:\Windows\system32;C:\Windows;C:\Windows\System32\Wbem;C:\Windows\System32\WindowsPowerShell\v1.0\;C:\Windows\System32\OpenSSH\;C:\Program Files\Java\jdk-17.0.2\bin;C:\Program Files\Git\cmd;C:\sqlite;C:\Program Files\Java\jdk1.8.0_301\bin;C:\Program Files (x86)\dotnet\;C:\Program Files\Docker\Docker\resources\bin;C:\Users\VSGol\AppData\Local\Microsoft\WindowsApps;C:\Program Files\Java\jdk-17.0.2\bin;C:\sqlite;C:\Program Files\mvn\apache-maven-3.8.6\bin;;C:\Program Files\Java\jdk-17.0.2\bin
JRE paths:	C:\Program Files\Java\jdk-17.0.2;C:\Program Files\Common Files\Oracle\Java\javapath;C:\Program Files (x86)\Common Files\Oracle\Java\javapath;C:\Windows\system32;C:\Windows;C:\Windows\System32\Wbem;C:\Windows\System32\WindowsPowerShell\v1.0\;C:\Windows\System32\OpenSSH\;C:\Program Files\Java\jdk-17.0.2\bin;C:\Program Files\Git\cmd;C:\sqlite;C:\Program Files\Java\jdk1.8.0_301\bin;C:\Program Files (x86)\dotnet\;C:\Program Files\Docker\Docker\resources\bin;C:\Users\VSGol\AppData\Local\Microsoft\WindowsApps;C:\Program Files\Java\jdk-17.0.2\bin;C:\sqlite;C:\Program Files\mvn\apache-maven-3.8.6\bin;;C:\Program Files\Java\jdk-17.0.2\bin
Check launcher:	C:\Program Files\Java\jdk-17.0.2\bin\javaw.exe (OK)
Version string: 1.017.000_002 / 64-Bit (OK)
Launcher:	C:\Program Files\Java\jdk-17.0.2\bin\javaw.exe
Launcher args:	-jar "D:\java\Новые_проекты\Шифт\ShiftTest.exe"
Args length:	47/32768 chars
Exit code:	0


Version:	3.50
CmdLine:	D:\java\Новые_проекты\Шифт\ShiftTest.exe --l4j-debug
JNI:		No
WOW64:		Yes
Working dir:	D:\java\Новые_проекты\Шифт\.
Requires JDK:	No
Requires 64-Bit: No
Java min ver:	1.008.000
Java max ver:	
Substitute:	JAVA_HOME = C:\Program Files\Java\jdk-17.0.2
Substitute:	PATH = C:\Program Files\Common Files\Oracle\Java\javapath;C:\Program Files (x86)\Common Files\Oracle\Java\javapath;C:\Windows\system32;C:\Windows;C:\Windows\System32\Wbem;C:\Windows\System32\WindowsPowerShell\v1.0\;C:\Windows\System32\OpenSSH\;C:\Program Files\Java\jdk-17.0.2\bin;C:\Program Files\Git\cmd;C:\sqlite;C:\Program Files\Java\jdk1.8.0_301\bin;C:\Program Files (x86)\dotnet\;C:\Program Files\Docker\Docker\resources\bin;C:\Users\VSGol\AppData\Local\Microsoft\WindowsApps;C:\Program Files\Java\jdk-17.0.2\bin;C:\sqlite;C:\Program Files\mvn\apache-maven-3.8.6\bin;;C:\Program Files\Java\jdk-17.0.2\bin
JRE paths:	C:\Program Files\Java\jdk-17.0.2;C:\Program Files\Common Files\Oracle\Java\javapath;C:\Program Files (x86)\Common Files\Oracle\Java\javapath;C:\Windows\system32;C:\Windows;C:\Windows\System32\Wbem;C:\Windows\System32\WindowsPowerShell\v1.0\;C:\Windows\System32\OpenSSH\;C:\Program Files\Java\jdk-17.0.2\bin;C:\Program Files\Git\cmd;C:\sqlite;C:\Program Files\Java\jdk1.8.0_301\bin;C:\Program Files (x86)\dotnet\;C:\Program Files\Docker\Docker\resources\bin;C:\Users\VSGol\AppData\Local\Microsoft\WindowsApps;C:\Program Files\Java\jdk-17.0.2\bin;C:\sqlite;C:\Program Files\mvn\apache-maven-3.8.6\bin;;C:\Program Files\Java\jdk-17.0.2\bin
Check launcher:	C:\Program Files\Java\jdk-17.0.2\bin\javaw.exe (OK)
Version string: 1.017.000_002 / 64-Bit (OK)
Launcher:	C:\Program Files\Java\jdk-17.0.2\bin\javaw.exe
Launcher args:	-jar "D:\java\Новые_проекты\Шифт\ShiftTest.exe"
Args length:	47/32768 chars
Exit code:	0


Version:	3.50
CmdLine:	D:\java\Новые_проекты\Шифт\ShiftTest.exe --l4j-debug
JNI:		No
WOW64:		Yes
Working dir:	D:\java\Новые_проекты\Шифт\.
Requires JDK:	No
Requires 64-Bit: No
Java min ver:	1.008.000
Java max ver:	
Substitute:	JAVA_HOME = C:\Program Files\Java\jdk-17.0.2
Substitute:	PATH = C:\Program Files\Common Files\Oracle\Java\javapath;C:\Program Files (x86)\Common Files\Oracle\Java\javapath;C:\Windows\system32;C:\Windows;C:\Windows\System32\Wbem;C:\Windows\System32\WindowsPowerShell\v1.0\;C:\Windows\System32\OpenSSH\;C:\Program Files\Java\jdk-17.0.2\bin;C:\Program Files\Git\cmd;C:\sqlite;C:\Program Files\Java\jdk1.8.0_301\bin;C:\Program Files (x86)\dotnet\;C:\Program Files\Docker\Docker\resources\bin;C:\Users\VSGol\AppData\Local\Microsoft\WindowsApps;C:\Program Files\Java\jdk-17.0.2\bin;C:\sqlite;C:\Program Files\mvn\apache-maven-3.8.6\bin;;C:\Program Files\Java\jdk-17.0.2\bin
JRE paths:	C:\Program Files\Java\jdk-17.0.2;C:\Program Files\Common Files\Oracle\Java\javapath;C:\Program Files (x86)\Common Files\Oracle\Java\javapath;C:\Windows\system32;C:\Windows;C:\Windows\System32\Wbem;C:\Windows\System32\WindowsPowerShell\v1.0\;C:\Windows\System32\OpenSSH\;C:\Program Files\Java\jdk-17.0.2\bin;C:\Program Files\Git\cmd;C:\sqlite;C:\Program Files\Java\jdk1.8.0_301\bin;C:\Program Files (x86)\dotnet\;C:\Program Files\Docker\Docker\resources\bin;C:\Users\VSGol\AppData\Local\Microsoft\WindowsApps;C:\Program Files\Java\jdk-17.0.2\bin;C:\sqlite;C:\Program Files\mvn\apache-maven-3.8.6\bin;;C:\Program Files\Java\jdk-17.0.2\bin
Check launcher:	C:\Program Files\Java\jdk-17.0.2\bin\javaw.exe (OK)
Version string: 1.017.000_002 / 64-Bit (OK)
Launcher:	C:\Program Files\Java\jdk-17.0.2\bin\javaw.exe
Launcher args:	-jar "D:\java\Новые_проекты\Шифт\ShiftTest.exe"
Args length:	47/32768 chars
Exit code:	0


Version:	3.50
CmdLine:	D:\java\Новые_проекты\Шифт\ShiftTest.exe --l4j-debug
JNI:		No
WOW64:		Yes
Working dir:	D:\java\Новые_проекты\Шифт\.
Requires JDK:	Yes
Requires 64-Bit: No
Java min ver:	1.008.000
Java max ver:	
Substitute:	JAVA_HOME = C:\Program Files\Java\jdk-17.0.2
Substitute:	PATH = C:\Program Files\Common Files\Oracle\Java\javapath;C:\Program Files (x86)\Common Files\Oracle\Java\javapath;C:\Windows\system32;C:\Windows;C:\Windows\System32\Wbem;C:\Windows\System32\WindowsPowerShell\v1.0\;C:\Windows\System32\OpenSSH\;C:\Program Files\Java\jdk-17.0.2\bin;C:\Program Files\Git\cmd;C:\sqlite;C:\Program Files\Java\jdk1.8.0_301\bin;C:\Program Files (x86)\dotnet\;C:\Program Files\Docker\Docker\resources\bin;C:\Users\VSGol\AppData\Local\Microsoft\WindowsApps;C:\Program Files\Java\jdk-17.0.2\bin;C:\sqlite;C:\Program Files\mvn\apache-maven-3.8.6\bin;;C:\Program Files\Java\jdk-17.0.2\bin
JRE paths:	C:\Program Files\Java\jdk-17.0.2;C:\Program Files\Common Files\Oracle\Java\javapath;C:\Program Files (x86)\Common Files\Oracle\Java\javapath;C:\Windows\system32;C:\Windows;C:\Windows\System32\Wbem;C:\Windows\System32\WindowsPowerShell\v1.0\;C:\Windows\System32\OpenSSH\;C:\Program Files\Java\jdk-17.0.2\bin;C:\Program Files\Git\cmd;C:\sqlite;C:\Program Files\Java\jdk1.8.0_301\bin;C:\Program Files (x86)\dotnet\;C:\Program Files\Docker\Docker\resources\bin;C:\Users\VSGol\AppData\Local\Microsoft\WindowsApps;C:\Program Files\Java\jdk-17.0.2\bin;C:\sqlite;C:\Program Files\mvn\apache-maven-3.8.6\bin;;C:\Program Files\Java\jdk-17.0.2\bin
Check launcher:	C:\Program Files\Java\jdk-17.0.2\bin\javaw.exe (OK)
Check javac:	C:\Program Files\Java\jdk-17.0.2\bin\javac.exe (OK)
Version string: 1.017.000_002 / 64-Bit (OK)
Launcher:	C:\Program Files\Java\jdk-17.0.2\bin\javaw.exe
Launcher args:	-jar "D:\java\Новые_проекты\Шифт\ShiftTest.exe"
Args length:	47/32768 chars
Exit code:	0


Version:	3.50
CmdLine:	D:\java\Новые_проекты\Шифт\ShiftTest.exe --l4j-debug
JNI:		No
WOW64:		Yes
Working dir:	D:\java\Новые_проекты\Шифт\.
Requires JDK:	Yes
Requires 64-Bit: No
Java min ver:	1.008.000
Java max ver:	
Substitute:	JAVA_HOME = C:\Program Files\Java\jdk-17.0.2
Substitute:	PATH = C:\Program Files\Common Files\Oracle\Java\javapath;C:\Program Files (x86)\Common Files\Oracle\Java\javapath;C:\Windows\system32;C:\Windows;C:\Windows\System32\Wbem;C:\Windows\System32\WindowsPowerShell\v1.0\;C:\Windows\System32\OpenSSH\;C:\Program Files\Java\jdk-17.0.2\bin;C:\Program Files\Git\cmd;C:\sqlite;C:\Program Files\Java\jdk1.8.0_301\bin;C:\Program Files (x86)\dotnet\;C:\Program Files\Docker\Docker\resources\bin;C:\Users\VSGol\AppData\Local\Microsoft\WindowsApps;C:\Program Files\Java\jdk-17.0.2\bin;C:\sqlite;C:\Program Files\mvn\apache-maven-3.8.6\bin;;C:\Program Files\Java\jdk-17.0.2\bin
JRE paths:	C:\Program Files\Java\jdk-17.0.2;C:\Program Files\Common Files\Oracle\Java\javapath;C:\Program Files (x86)\Common Files\Oracle\Java\javapath;C:\Windows\system32;C:\Windows;C:\Windows\System32\Wbem;C:\Windows\System32\WindowsPowerShell\v1.0\;C:\Windows\System32\OpenSSH\;C:\Program Files\Java\jdk-17.0.2\bin;C:\Program Files\Git\cmd;C:\sqlite;C:\Program Files\Java\jdk1.8.0_301\bin;C:\Program Files (x86)\dotnet\;C:\Program Files\Docker\Docker\resources\bin;C:\Users\VSGol\AppData\Local\Microsoft\WindowsApps;C:\Program Files\Java\jdk-17.0.2\bin;C:\sqlite;C:\Program Files\mvn\apache-maven-3.8.6\bin;;C:\Program Files\Java\jdk-17.0.2\bin
Check launcher:	C:\Program Files\Java\jdk-17.0.2\bin\javaw.exe (OK)
Check javac:	C:\Program Files\Java\jdk-17.0.2\bin\javac.exe (OK)
Version string: 1.017.000_002 / 64-Bit (OK)
Launcher:	C:\Program Files\Java\jdk-17.0.2\bin\javaw.exe
Launcher args:	-jar "D:\java\Новые_проекты\Шифт\ShiftTest.exe"
Args length:	47/32768 chars
Exit code:	0


Version:	3.50
CmdLine:	D:\java\Новые_проекты\Шифт\ShiftTest.exe --l4j-debug
JNI:		No
WOW64:		Yes
Working dir:	D:\java\Новые_проекты\Шифт\.
Requires JDK:	No
Requires 64-Bit: No
Java min ver:	
Java max ver:	
Substitute:	JAVA_HOME = C:\Program Files\Java\jdk-17.0.2
JRE paths:	C:\Program Files\Java\jdk-17.0.2\bin
Check launcher:	C:\Program Files\Java\jdk-17.0.2\bin\javaw.exe (OK)
Version string: 1.017.000_002 / 64-Bit (OK)
Launcher:	C:\Program Files\Java\jdk-17.0.2\bin\javaw.exe
Launcher args:	-jar "D:\java\Новые_проекты\Шифт\ShiftTest.exe"
Args length:	47/32768 chars
Exit code:	0


Version:	3.50
CmdLine:	D:\java\Новые_проекты\Шифт\ShiftTest.exe --l4j-debug
JNI:		No
WOW64:		Yes
Working dir:	D:\java\Новые_проекты\Шифт\.
Requires JDK:	No
Requires 64-Bit: No
Java min ver:	
Java max ver:	
Substitute:	JAVA_HOME = C:\Program Files\Java\jdk-17.0.2
JRE paths:	C:\Program Files\Java\jdk-17.0.2\bin
Check launcher:	C:\Program Files\Java\jdk-17.0.2\bin\javaw.exe (OK)
Version string: 1.017.000_002 / 64-Bit (OK)
Launcher:	C:\Program Files\Java\jdk-17.0.2\bin\javaw.exe
Launcher args:	-jar "D:\java\Новые_проекты\Шифт\ShiftTest.exe"
Args length:	47/32768 chars
Exit code:	0


Version:	3.50
CmdLine:	D:\java\Новые_проекты\Шифт\ShiftTest.exe --l4j-debug
JNI:		No
WOW64:		Yes
Working dir:	D:\java\Новые_проекты\Шифт\.
Requires JDK:	No
Requires 64-Bit: No
Java min ver:	
Java max ver:	
Substitute:	JAVA_HOME = C:\Program Files\Java\jdk-17.0.2
JRE paths:	C:\Program Files\Java\jdk-17.0.2\bin
Check launcher:	C:\Program Files\Java\jdk-17.0.2\bin\javaw.exe (OK)
Version string: 1.017.000_002 / 64-Bit (OK)
Launcher:	C:\Program Files\Java\jdk-17.0.2\bin\javaw.exe
Launcher args:	-jar "D:\java\Новые_проекты\Шифт\ShiftTest.exe"
Args length:	47/32768 chars
Exit code:	0


Version:	3.50
CmdLine:	D:\java\Новые_проекты\Шифт\ShiftTest.exe --l4j-debug
JNI:		No
WOW64:		Yes
Create mutex:	HelloWorld
Working dir:	D:\java\Новые_проекты\Шифт\.
Requires JDK:	No
Requires 64-Bit: No
Java min ver:	1.004.000
Java max ver:	
Substitute:	JAVA_HOME = C:\Program Files\Java\jdk-17.0.2
JRE paths:	C:\Program Files\Java\jdk-17.0.2\bin
Check launcher:	C:\Program Files\Java\jdk-17.0.2\bin\javaw.exe (OK)
Version string: 1.017.000_002 / 64-Bit (OK)
Main class:	Main
Info:		Classpath not defined.
Launcher:	C:\Program Files\Java\jdk-17.0.2\bin\javaw.exe
Launcher args:	-classpath "D:\java\Новые_проекты\Шифт\ShiftTest.exe" Main
Args length:	58/32768 chars
Exit code:	0


Version:	3.50
CmdLine:	D:\java\Новые_проекты\Шифт\ShiftTest.exe --l4j-debug
JNI:		No
WOW64:		Yes
Create mutex:	HelloWorld
Working dir:	D:\java\Новые_проекты\Шифт\.
Requires JDK:	No
Requires 64-Bit: No
Java min ver:	1.004.000
Java max ver:	
Substitute:	JAVA_HOME = C:\Program Files\Java\jdk-17.0.2
JRE paths:	C:\Program Files\Java\jdk-17.0.2\bin
Check launcher:	C:\Program Files\Java\jdk-17.0.2\bin\javaw.exe (OK)
Version string: 1.017.000_002 / 64-Bit (OK)
Main class:	Main
Info:		Classpath not defined.
Launcher:	C:\Program Files\Java\jdk-17.0.2\bin\javaw.exe
Launcher args:	-classpath "D:\java\Новые_проекты\Шифт\ShiftTest.exe" Main
Args length:	58/32768 chars
Exit code:	0


Version:	3.50
CmdLine:	D:\java\Новые_проекты\Шифт\ShiftTest.exe --l4j-debug
JNI:		No
WOW64:		Yes
Create mutex:	HelloWorld
Working dir:	D:\java\Новые_проекты\Шифт\.
Requires JDK:	No
Requires 64-Bit: No
Java min ver:	1.004.000
Java max ver:	
Substitute:	JAVA_HOME = C:\Program Files\Java\jdk-17.0.2
JRE paths:	C:\Program Files\Java\jdk-17.0.2\bin
Check launcher:	C:\Program Files\Java\jdk-17.0.2\bin\javaw.exe (OK)
Version string: 1.017.000_002 / 64-Bit (OK)
Main class:	Main
Info:		Classpath not defined.
Launcher:	C:\Program Files\Java\jdk-17.0.2\bin\javaw.exe
Launcher args:	-classpath "D:\java\Новые_проекты\Шифт\ShiftTest.exe" Main
Args length:	58/32768 chars
Exit code:	0


Version:	3.50
CmdLine:	D:\java\Новые_проекты\Шифт\ShiftTest.exe --l4j-debug
JNI:		No
WOW64:		Yes
Create mutex:	HelloWorld
Working dir:	D:\java\Новые_проекты\Шифт\.
Requires JDK:	No
Requires 64-Bit: No
Java min ver:	1.004.000
Java max ver:	
Substitute:	JAVA_HOME = C:\Program Files\Java\jdk-17.0.2
JRE paths:	C:\Program Files\Java\jdk-17.0.2\bin
Check launcher:	C:\Program Files\Java\jdk-17.0.2\bin\javaw.exe (OK)
Version string: 1.017.000_002 / 64-Bit (OK)
Main class:	Main
Info:		Classpath not defined.
Launcher:	C:\Program Files\Java\jdk-17.0.2\bin\javaw.exe
Launcher args:	-classpath "D:\java\Новые_проекты\Шифт\ShiftTest.exe" Main
Args length:	58/32768 chars
Exit code:	0


Version:	3.50
CmdLine:	D:\java\Новые_проекты\Шифт\ShiftTest.exe --l4j-debug
JNI:		No
WOW64:		Yes
Create mutex:	HelloWorld
Working dir:	D:\java\Новые_проекты\Шифт\.
Requires JDK:	No
Requires 64-Bit: No
Java min ver:	1.004.000
Java max ver:	
Substitute:	JAVA_HOME = C:\Program Files\Java\jdk-17.0.2
JRE paths:	C:\Program Files\Java\jdk-17.0.2\bin
Check launcher:	C:\Program Files\Java\jdk-17.0.2\bin\javaw.exe (OK)
Version string: 1.017.000_002 / 64-Bit (OK)
Heap -Xms:	Requested 50 MB / 0%, Available: 1223 MB, Heap size: 50 MB
Heap -Xmx:	Requested 100 MB / 0%, Available: 1223 MB, Heap size: 100 MB
Substitute:	JAVA_HOME = C:\Program Files\Java\jdk-17.0.2
Main class:	Main
Info:		Classpath not defined.
Launcher:	C:\Program Files\Java\jdk-17.0.2\bin\javaw.exe
Launcher args:	-Xms50m -Xmx100m C:\Program Files\Java\jdk-17.0.2\bin -classpath "D:\java\Новые_проекты\Шифт\ShiftTest.exe" Main
Args length:	112/32768 chars
Exit code:	0


Version:	3.50
CmdLine:	D:\java\Новые_проекты\Шифт\ShiftTest.exe --l4j-debug
JNI:		No
WOW64:		Yes
Create mutex:	HelloWorld
Working dir:	D:\java\Новые_проекты\Шифт\.
Requires JDK:	No
Requires 64-Bit: No
Java min ver:	1.004.000
Java max ver:	
Substitute:	JAVA_HOME = C:\Program Files\Java\jdk-17.0.2
JRE paths:	C:\Program Files\Java\jdk-17.0.2\bin
Check launcher:	C:\Program Files\Java\jdk-17.0.2\bin\javaw.exe (OK)
Version string: 1.017.000_002 / 64-Bit (OK)
Heap -Xms:	Requested 50 MB / 0%, Available: 1220 MB, Heap size: 50 MB
Heap -Xmx:	Requested 100 MB / 0%, Available: 1220 MB, Heap size: 100 MB
Main class:	Main
Info:		Classpath not defined.
Launcher:	C:\Program Files\Java\jdk-17.0.2\bin\javaw.exe
Launcher args:	-Xms50m -Xmx100m -classpath "D:\java\Новые_проекты\Шифт\ShiftTest.exe" Main
Args length:	75/32768 chars
Exit code:	0


Version:	3.50
CmdLine:	D:\java\Новые_проекты\Шифт\ShiftTest.exe --l4j-debug
JNI:		No
WOW64:		Yes
Create mutex:	HelloWorld
Working dir:	D:\java\Новые_проекты\Шифт\.
Requires JDK:	No
Requires 64-Bit: No
Java min ver:	1.004.000
Java max ver:	
Substitute:	JAVA_HOME = C:\Program Files\Java\jdk-17.0.2
JRE paths:	C:\Program Files\Java\jdk-17.0.2\bin
Check launcher:	C:\Program Files\Java\jdk-17.0.2\bin\javaw.exe (OK)
Version string: 1.017.000_002 / 64-Bit (OK)
Heap -Xms:	Requested 50 MB / 0%, Available: 1225 MB, Heap size: 50 MB
Heap -Xmx:	Requested 100 MB / 0%, Available: 1225 MB, Heap size: 100 MB
Main class:	Main
Info:		Classpath not defined.
Launcher:	C:\Program Files\Java\jdk-17.0.2\bin\javaw.exe
Launcher args:	-Xms50m -Xmx100m -classpath "D:\java\Новые_проекты\Шифт\ShiftTest.exe" Main
Args length:	75/32768 chars
Exit code:	0


Version:	3.50
CmdLine:	D:\java\Новые_проекты\Шифт\ShiftTest.exe --l4j-debug
JNI:		No
WOW64:		Yes
Create mutex:	HelloWorld
Working dir:	D:\java\Новые_проекты\Шифт\.
Requires JDK:	No
Requires 64-Bit: No
Java min ver:	1.004.000
Java max ver:	
JRE paths:	jdk-17.0.2
Check launcher:	D:\java\Новые_проекты\Шифт\jdk-17.0.2\bin\javaw.exe (not found)
64-bit search:	SOFTWARE\JavaSoft\Java Runtime Environment...
Check:		SOFTWARE\JavaSoft\Java Runtime Environment\1.8
Version string: 1.008.000 / 64-Bit (OK)
Check launcher:	C:\Program Files\Java\jre1.8.0_301\bin\javaw.exe (OK)
Match:		1.008.000
Runtime used:	1.008.000 (64-bit)
Launcher:	C:\Program Files\Java\jre1.8.0_301\bin\javaw.exe
Launcher args:	-jar "D:\java\Новые_проекты\Шифт\ShiftTest.exe"
Args length:	47/32768 chars
Exit code:	0


Version:	3.50
CmdLine:	D:\java\Новые_проекты\Шифт\ShiftTest.exe --l4j-debug
JNI:		No
WOW64:		Yes
Create mutex:	HelloWorld
Working dir:	D:\java\Новые_проекты\Шифт\.
Requires JDK:	No
Requires 64-Bit: No
Java min ver:	1.004.000
Java max ver:	
JRE paths:	C:\Program Files\Java\jdk-17.0.2
Check launcher:	C:\Program Files\Java\jdk-17.0.2\bin\javaw.exe (OK)
Version string: 1.017.000_002 / 64-Bit (OK)
Launcher:	C:\Program Files\Java\jdk-17.0.2\bin\javaw.exe
Launcher args:	-jar "D:\java\Новые_проекты\Шифт\ShiftTest.exe"
Args length:	47/32768 chars
Exit code:	0


Version:	3.50
CmdLine:	D:\java\Новые_проекты\Шифт\ShiftTest.exe --l4j-debug
JNI:		No
WOW64:		Yes
Create mutex:	HelloWorld
Working dir:	D:\java\Новые_проекты\Шифт\.
Requires JDK:	No
Requires 64-Bit: No
Java min ver:	1.004.000
Java max ver:	
JRE paths:	C:\Program Files\Java\jdk-17.0.2
Check launcher:	C:\Program Files\Java\jdk-17.0.2\bin\javaw.exe (OK)
Version string: 1.017.000_002 / 64-Bit (OK)
Launcher:	C:\Program Files\Java\jdk-17.0.2\bin\javaw.exe
Launcher args:	-jar "D:\java\Новые_проекты\Шифт\ShiftTest.exe"
Args length:	47/32768 chars
Exit code:	0


Version:	3.50
CmdLine:	D:\java\Новые_проекты\Шифт\ShiftTest.exe --l4j-debug
JNI:		No
WOW64:		Yes
Create mutex:	HelloWorld
Working dir:	D:\java\Новые_проекты\Шифт\.
Requires JDK:	No
Requires 64-Bit: No
Java min ver:	1.017.000_002
Java max ver:	
JRE paths:	C:\Program Files\Java\jdk-17.0.2
Check launcher:	C:\Program Files\Java\jdk-17.0.2\bin\javaw.exe (OK)
Version string: 1.017.000_002 / 64-Bit (OK)
Launcher:	C:\Program Files\Java\jdk-17.0.2\bin\javaw.exe
Launcher args:	-jar "D:\java\Новые_проекты\Шифт\ShiftTest.exe"
Args length:	47/32768 chars
Exit code:	0


Version:	3.50
CmdLine:	D:\java\Новые_проекты\Шифт\ShiftTest.exe --l4j-debug
JNI:		No
WOW64:		Yes
Create mutex:	HelloWorld
Working dir:	D:\java\Новые_проекты\Шифт\.
Requires JDK:	No
Requires 64-Bit: No
Java min ver:	1.017.000_002
Java max ver:	
JRE paths:	C:\Program Files\Java\jdk-17.0.2
Check launcher:	C:\Program Files\Java\jdk-17.0.2\bin\javaw.exe (OK)
Version string: 1.017.000_002 / 64-Bit (OK)
Launcher:	C:\Program Files\Java\jdk-17.0.2\bin\javaw.exe
Launcher args:	-jar "D:\java\Новые_проекты\Шифт\ShiftTest.exe"
Args length:	47/32768 chars
Exit code:	0


Version:	3.50
CmdLine:	D:\java\Новые_проекты\Шифт\ShiftTest.exe --l4j-debug
JNI:		No
WOW64:		Yes
Create mutex:	HelloWorld
Working dir:	D:\java\Новые_проекты\Шифт\.
Requires JDK:	No
Requires 64-Bit: No
Java min ver:	1.004.000
Java max ver:	
JRE paths:	C:\Program Files\Java\jdk-17.0.2
Check launcher:	C:\Program Files\Java\jdk-17.0.2\bin\javaw.exe (OK)
Version string: 1.017.000_002 / 64-Bit (OK)
Launcher:	C:\Program Files\Java\jdk-17.0.2\bin\javaw.exe
Launcher args:	-jar "D:\java\Новые_проекты\Шифт\ShiftTest.exe"
Args length:	47/32768 chars
Exit code:	0
